2025-08-29 13:52:04 | INFO | __main__:50 | Logger loaded.
2025-08-29 13:52:04 | INFO | __main__:169 | STARTING main()..
2025-08-29 13:52:04 | INFO | __main__:170 | Byline:

**********************************************************
Stellar Analytics — Project Header
**********************************************************
Author:                     Denise Case
Motto:                      Clear. Useful. On time.
Years Active:               5
Accepting New Clients?:     True
Remote Workshops?:          True
Services:                   ['Data Analysis', 'Machine Learning', 'Business Intelligence']
Client Satisfaction Scores: [4.8, 4.6, 4.9, 5.0, 4.7]
Minimum Satisfaction Score: 4.6
Maximum Satisfaction Score: 5.0
Mean Satisfaction Score:    4.80
     Standard Deviation:    0.16
**********************************************************

2025-08-29 13:52:04 | INFO | __main__:181 | This module is organized like all Python modules.
2025-08-29 13:52:04 | INFO | __main__:182 | We write professional Python from the start.
2025-08-29 13:52:04 | INFO | __main__:183 | END main()...
2025-08-29 14:11:19 | INFO | __main__:50 | Logger loaded.
2025-08-29 14:11:19 | INFO | __main__:169 | STARTING main()..
2025-08-29 14:11:19 | INFO | __main__:170 | Byline:

**********************************************************
Stellar Analytics — Project Header
**********************************************************
Author:                     Denise Case
Motto:                      Clear. Useful. On time.
Years Active:               5
Accepting New Clients?:     True
Remote Workshops?:          True
Services:                   ['Data Analysis', 'Machine Learning', 'Business Intelligence']
Client Satisfaction Scores: [4.8, 4.6, 4.9, 5.0, 4.7]
Minimum Satisfaction Score: 4.6
Maximum Satisfaction Score: 5.0
Mean Satisfaction Score:    4.80
     Standard Deviation:    0.16
**********************************************************

2025-08-29 14:11:19 | INFO | __main__:181 | This module is organized like all Python modules.
2025-08-29 14:11:19 | INFO | __main__:182 | We write professional Python from the start.
2025-08-29 14:11:19 | INFO | __main__:183 | END main()...
2025-08-29 14:54:33 | INFO | __main__:48 | Logger loaded.
2025-08-29 14:54:33 | INFO | __main__:167 | STARTING main()..
2025-08-29 14:54:33 | INFO | __main__:168 | Byline:

**********************************************************
Stellar Analytics — Project Header
**********************************************************
Author:                     Denise Case
Motto:                      Clear. Useful. On time.
Years Active:               5
Accepting New Clients?:     True
Remote Workshops?:          True
Services:                   ['Data Analysis', 'Machine Learning', 'Business Intelligence']
Client Satisfaction Scores: [4.8, 4.6, 4.9, 5.0, 4.7]
Minimum Satisfaction Score: 4.6
Maximum Satisfaction Score: 5.0
Mean Satisfaction Score:    4.80
     Standard Deviation:    0.16
**********************************************************

2025-08-29 14:54:33 | INFO | __main__:179 | This module is organized like all Python modules.
2025-08-29 14:54:33 | INFO | __main__:180 | We write professional Python from the start.
2025-08-29 14:54:33 | INFO | __main__:181 | END main()...
2025-08-29 16:11:47 | INFO | __main__:48 | Logger loaded.
2025-08-29 16:11:47 | INFO | __main__:168 | STARTING main()..
2025-08-29 16:11:47 | INFO | __main__:169 | Byline:

**********************************************************
DataLight — Project Header
**********************************************************
Author:                     Kristine Steele
Motto:                      Clean and Precise, From Data to Advice.
Years Active:               5
Accepting New Clients?:     True
Remote Workshops?:          True
Services:                   ['Data Analysis', 'Machine Learning', 'Business Intelligence']
Client Satisfaction Scores: [4.8, 4.6, 4.9, 5.0, 4.7]
Minimum Satisfaction Score: 4.6
Maximum Satisfaction Score: 5.0
Mean Satisfaction Score:    4.80
     Standard Deviation:    0.16
**********************************************************

2025-08-29 16:11:47 | INFO | __main__:180 | This module is organized like all Python modules.
2025-08-29 16:11:47 | INFO | __main__:181 | We write professional Python from the start.
2025-08-29 16:11:47 | INFO | __main__:182 | END main()...
2025-08-29 18:43:23 | INFO | __main__:48 | Logger loaded.
2025-08-29 18:43:23 | INFO | __main__:172 | STARTING main()..
2025-08-29 18:43:23 | INFO | __main__:173 | Byline:

**********************************************************
DataLight — Project Header
**********************************************************
Author:                     Kristine Steele
Motto:                      Clean and Precise, From Data to Advice.
Location:                   Lees Summit, Missouri
Office Locations:           ['Lenexa', 'Leawood', 'Overland Park', 'Kansas City', 'Olathe']
Count of Locations:         5
Years Active:               5
Number of Employees:        25
Accepting New Clients?:     True
Remote Workshops?:          True
Services:                   ['Data Analysis', 'Machine Learning', 'Business Intelligence']
Client Satisfaction Scores: [4.8, 4.6, 4.9, 5.0, 4.7]
Minimum Satisfaction Score: 4.6
Maximum Satisfaction Score: 5.0
Mean Satisfaction Score:    4.80
     Standard Deviation:    0.16
**********************************************************

2025-08-29 18:43:23 | INFO | __main__:184 | This module is organized like all Python modules.
2025-08-29 18:43:23 | INFO | __main__:185 | We write professional Python from the start.
2025-08-29 18:43:23 | INFO | __main__:186 | END main()...
2025-08-29 18:45:48 | INFO | __main__:48 | Logger loaded.
2025-08-29 18:45:48 | INFO | __main__:172 | STARTING main()..
2025-08-29 18:45:48 | INFO | __main__:173 | Byline:

**********************************************************
DataLight — Project Header
**********************************************************
Author:                     Kristine Steele
Motto:                      Clean and Precise, From Data to Advice.
Location:                   Lees Summit, Missouri
Office Locations:           ['Lenexa', 'Leawood', 'Overland Park', 'Kansas City', 'Olathe']
Count of Locations:         5
Years Active:               5
Number of Employees:        25
Accepting New Clients?:     True
Remote Workshops?:          True
Services:                   ['Data Analysis', 'Machine Learning', 'Business Intelligence']
Client Satisfaction Scores: [4.8, 4.6, 4.9, 5.0, 4.7]
Minimum Satisfaction Score: 4.6
Maximum Satisfaction Score: 5.0
Mean Satisfaction Score:    4.80
     Standard Deviation:    0.16
**********************************************************

2025-08-29 18:46:41 | INFO | __main__:184 | This module is organized like all Python modules.
2025-08-29 18:46:41 | INFO | __main__:185 | We write professional Python from the start.
2025-08-29 18:46:41 | INFO | __main__:186 | END main()...
2025-08-29 18:53:35 | INFO | __main__:48 | Logger loaded.
2025-08-29 18:53:35 | INFO | __main__:161 | STARTING main()..
2025-08-29 18:53:35 | INFO | __main__:162 | Byline:

**********************************************************
DataLight — Project Header
**********************************************************
Author:                     Kristine Steele
Motto:                      Clean and Precise, From Data to Advice.
Location:                   Lees Summit, Missouri
Office Locations:           ['Lenexa', 'Leawood', 'Overland Park', 'Kansas City', 'Olathe']
Count of Locations:         5
Years Active:               5
Number of Employees:        25
Accepting New Clients?:     True
Remote Workshops?:          True
Services:                   ['Data Analysis', 'Machine Learning', 'Business Intelligence']
Client Satisfaction Scores: [4.8, 4.6, 4.9, 5.0, 4.7]
Minimum Satisfaction Score: 4.6
Maximum Satisfaction Score: 5.0
Mean Satisfaction Score:    4.80
     Standard Deviation:    0.16
**********************************************************

2025-08-29 18:54:28 | INFO | __main__:173 | This module is organized like all Python modules.
2025-08-29 18:54:28 | INFO | __main__:174 | We write professional Python from the start.
2025-08-29 18:54:28 | INFO | __main__:175 | END main()...
